<?xml version="1.0" encoding="utf-8"?><testsuites><testsuite name="pytest" errors="0" failures="0" skipped="0" tests="60" time="4.540" timestamp="2026-08-31T12:08:23.434363" hostname="LAPTOP-8CI2EJ4A"><testcase classname="tests.test_canonical_mixing_correctness" name="test_target_support_derivative_is_zero_when_audited_six_cells_mix[direct]" time="0.048" /><testcase classname="tests.test_canonical_mixing_correctness" name="test_target_support_derivative_is_zero_when_audited_six_cells_mix[broad]" time="0.025" /><testcase classname="tests.test_canonical_mixing_correctness" name="test_direct_support_is_local_when_two_nonoverlapping_bc_disks_mix" time="0.007" /><testcase classname="tests.test_canonical_mixing_correctness" name="test_self_only_rows_are_not_optimizer_parameters_when_four_groups_are_isolated" time="1.702" /><testcase classname="tests.test_canonical_mixing_correctness" name="test_only_multi_neighbor_edges_train_when_one_row_is_self_only" time="0.003" /><testcase classname="tests.test_canonical_mixing_correctness" name="test_single_cell_identity_is_fixed_when_compatibility_buffer_changes" time="0.002" /><testcase classname="tests.test_canonical_mixing_correctness" name="test_loaded_edge_order_preserves_identity_rows_and_mixing_parameters" time="0.003" /><testcase classname="tests.test_canonical_mixing_correctness" name="test_audit_parameter_count_excludes_two_self_only_coordinates" time="0.012" /><testcase classname="tests.test_canonical_geometry_entry_correctness" name="test_custom_geometry_rejected_when_masks_are_not_exact_full_disks[supports0]" time="0.003" /><testcase classname="tests.test_canonical_geometry_entry_correctness" name="test_custom_geometry_rejected_when_masks_are_not_exact_full_disks[supports1]" time="0.003" /><testcase classname="tests.test_canonical_geometry_entry_correctness" name="test_custom_geometry_rejected_when_masks_are_not_exact_full_disks[supports2]" time="0.003" /><testcase classname="tests.test_canonical_geometry_entry_correctness" name="test_custom_geometry_rejected_when_masks_are_not_exact_full_disks[supports3]" time="0.004" /><testcase classname="tests.test_canonical_geometry_entry_correctness" name="test_custom_geometry_preserved_when_masks_equal_full_disks" time="0.008" /><testcase classname="tests.test_canonical_geometry_entry_correctness" name="test_geometry_rejected_when_a_cone_position_is_nonfinite[nan]" time="0.002" /><testcase classname="tests.test_canonical_geometry_entry_correctness" name="test_geometry_rejected_when_a_cone_position_is_nonfinite[inf]" time="0.002" /><testcase classname="tests.test_canonical_geometry_entry_correctness" name="test_canonical_entry_rejects_legacy_configuration[False]" time="0.001" /><testcase classname="tests.test_canonical_geometry_entry_correctness" name="test_canonical_entry_rejects_legacy_configuration[True]" time="0.001" /><testcase classname="tests.test_canonical_geometry_entry_correctness" name="test_canonical_validator_rejects_incompatible_checkpoint_identity[legacy]" time="0.012" /><testcase classname="tests.test_canonical_geometry_entry_correctness" name="test_canonical_validator_rejects_incompatible_checkpoint_identity[missing_mode]" time="0.009" /><testcase classname="tests.test_canonical_geometry_entry_correctness" name="test_canonical_validator_rejects_incompatible_checkpoint_identity[causal]" time="0.009" /><testcase classname="tests.test_canonical_geometry_entry_correctness" name="test_canonical_validator_rejects_incompatible_checkpoint_identity[spatial]" time="0.009" /><testcase classname="tests.test_canonical_geometry_entry_correctness" name="test_canonical_validator_rejects_incompatible_checkpoint_identity[missing_config_field]" time="0.016" /><testcase classname="tests.test_canonical_geometry_entry_correctness" name="test_canonical_validator_rejects_incompatible_checkpoint_identity[revision]" time="0.012" /><testcase classname="tests.test_canonical_geometry_entry_correctness" name="test_canonical_validator_rejects_incompatible_checkpoint_identity[missing_revision]" time="0.013" /><testcase classname="tests.test_canonical_geometry_entry_correctness" name="test_canonical_validator_rejects_incompatible_checkpoint_identity[schema]" time="0.011" /><testcase classname="tests.test_canonical_geometry_entry_correctness" name="test_canonical_validator_rejects_incompatible_checkpoint_identity[missing_causal_state]" time="0.011" /><testcase classname="tests.test_canonical_geometry_entry_correctness" name="test_legacy_state_rejected_before_mutation_regardless_of_strict[False]" time="0.012" /><testcase classname="tests.test_canonical_geometry_entry_correctness" name="test_legacy_state_rejected_before_mutation_regardless_of_strict[True]" time="0.010" /><testcase classname="tests.test_canonical_geometry_entry_correctness" name="test_canonical_validator_accepts_current_complete_identity" time="0.007" /><testcase classname="tests.test_canonical_geometry_entry_correctness" name="test_checkpoint_geometry_rejected_before_state_mutation[hole-False]" time="0.013" /><testcase classname="tests.test_canonical_geometry_entry_correctness" name="test_checkpoint_geometry_rejected_before_state_mutation[hole-True]" time="0.014" /><testcase classname="tests.test_canonical_geometry_entry_correctness" name="test_checkpoint_geometry_rejected_before_state_mutation[basis_hole-False]" time="0.017" /><testcase classname="tests.test_canonical_geometry_entry_correctness" name="test_checkpoint_geometry_rejected_before_state_mutation[basis_hole-True]" time="0.014" /><testcase classname="tests.test_canonical_geometry_entry_correctness" name="test_checkpoint_geometry_rejected_before_state_mutation[basis_outside-False]" time="0.012" /><testcase classname="tests.test_canonical_geometry_entry_correctness" name="test_checkpoint_geometry_rejected_before_state_mutation[basis_outside-True]" time="0.011" /><testcase classname="tests.test_canonical_geometry_entry_correctness" name="test_checkpoint_geometry_rejected_before_state_mutation[missing_basis-False]" time="0.012" /><testcase classname="tests.test_canonical_geometry_entry_correctness" name="test_checkpoint_geometry_rejected_before_state_mutation[missing_basis-True]" time="0.011" /><testcase classname="tests.test_canonical_geometry_entry_correctness" name="test_spatial_checkpoint_identity_preserves_dtype_converted_roundtrip" time="0.013" /><testcase classname="tests.test_causal_pathway_contract" name="test_ac_has_nonzero_graph_dependency_on_broad_bc_and_shared_weights" time="0.017" /><testcase classname="tests.test_causal_pathway_contract" name="test_ac_has_no_independent_encoder_parameters_or_stimulus_bypass" time="0.017" /><testcase classname="tests.test_causal_pathway_contract" name="test_two_bc_views_use_identical_encoder_parameters_and_only_distinct_support" time="0.029" /><testcase classname="tests.test_causal_pathway_contract" name="test_h1_off_propagates_to_both_bc_views_and_ac" time="0.026" /><testcase classname="tests.test_causal_pathway_contract" name="test_ac_off_changes_only_final_ac_contributions_before_rgc" time="0.024" /><testcase classname="tests.test_causal_pathway_contract" name="test_direct_bc_off_preserves_broad_bc_drive_and_downstream_ac" time="0.027" /><testcase classname="tests.test_causal_pathway_contract" name="test_shared_bc_cascade_retains_stimulus_and_history_causality" time="0.020" /><testcase classname="tests.test_causal_pathway_contract" name="test_cascade_global_and_pathway_rf_match_true_forward_derivatives" time="0.061" /><testcase classname="tests.test_causal_pathway_contract" name="test_checkpoint_without_new_causal_identity_is_explicitly_rejected[True]" time="0.005" /><testcase classname="tests.test_causal_pathway_contract" name="test_checkpoint_without_new_causal_identity_is_explicitly_rejected[False]" time="0.005" /><testcase classname="tests.test_causal_pathway_contract" name="test_checkpoint_with_wrong_causal_identity_is_explicitly_rejected[True]" time="0.008" /><testcase classname="tests.test_causal_pathway_contract" name="test_checkpoint_with_wrong_causal_identity_is_explicitly_rejected[False]" time="0.007" /><testcase classname="tests.test_causal_pathway_contract" name="test_old_checkpoint_rejection_precedes_parameter_mutation[True-True-True]" time="0.007" /><testcase classname="tests.test_causal_pathway_contract" name="test_old_checkpoint_rejection_precedes_parameter_mutation[True-True-False]" time="0.010" /><testcase classname="tests.test_causal_pathway_contract" name="test_old_checkpoint_rejection_precedes_parameter_mutation[True-False-True]" time="0.007" /><testcase classname="tests.test_causal_pathway_contract" name="test_old_checkpoint_rejection_precedes_parameter_mutation[True-False-False]" time="0.008" /><testcase classname="tests.test_causal_pathway_contract" name="test_old_checkpoint_rejection_precedes_parameter_mutation[False-True-True]" time="0.009" /><testcase classname="tests.test_causal_pathway_contract" name="test_old_checkpoint_rejection_precedes_parameter_mutation[False-True-False]" time="0.007" /><testcase classname="tests.test_causal_pathway_contract" name="test_old_checkpoint_rejection_precedes_parameter_mutation[False-False-True]" time="0.008" /><testcase classname="tests.test_causal_pathway_contract" name="test_old_checkpoint_rejection_precedes_parameter_mutation[False-False-False]" time="0.007" /><testcase classname="tests.test_causal_pathway_contract" name="test_old_causal_config_and_ambiguous_bc_clamp_are_rejected" time="0.001" /><testcase classname="tests.test_causal_pathway_contract" name="test_frozen_forward_is_finite_and_does_not_carry_state_between_calls" time="0.025" /></testsuite></testsuites>